865064009
38909667
174013077
763004679
317473456
313370817
879067654
254719421
937362047
247393250
252361252
83662919
615705226
100293424
284483309
2456392008
543485532
249257
542054221
307413668
846371245
1415713040
1695770591
357816468
1653668931
1805515759
1024958274
372381335
1324176748
702025389
2579732583
249401741
16150181
514459391
418573149
175529938
977493132
1347808093
513514871
2805248303
1246823892
1353078283
502565331
176508807
348234839
583264554
275130795
1772477506
417254009
1668511841
649567488
171099243
1297794214
512531813
625610924
349309092
1797885061
842720237
643241269
515205709
592502376
8386111
2107287430
1591065261
61916210
472715524
543112597
823960520
763199164
1092465435
1019248328
375903966
403391741
36424946
2433401540
1272113747
448070913
253866039
182135260
1148941718
380520085
229360025
707197341
306840515
745037415
123488910
314223090
35740589
1670829014
1204662363
847637319
421019587
116077014
120184546
261071751
